# JRE version: OpenJDK Runtime Environment Temurin-21.0.10+7 (21.0.10+7) (build 21.0.10+7-LTS)
# Java VM: OpenJDK 64-Bit Server VM Temurin-21.0.10+7 (21.0.10+7-LTS, mixed mode, sharing, tiered, compressed oops, compressed class ptrs, parallel gc, windows-amd64)
GC Precious Log:
 CardTable entry size: 512
 CPUs: 3 total, 3 available
 Memory: 8075M
 Large Page Support: Disabled
 NUMA Support: Disabled
 Compressed Oops: Enabled (32-bit)
 Alignments: Space 512K, Generation 512K, Heap 2M
 Heap Min Capacity: 100M
 Heap Initial Capacity: 100M
 Heap Max Capacity: 2G
 Pre-touch: Disabled
 Parallel Workers: 3
Heap:
 PSYoungGen      total 3072K, used 2040K [0x00000000d5580000, 0x00000000d5f00000, 0x0000000100000000)
  eden space 2560K, 59% used [0x00000000d5580000,0x00000000d56fe260,0x00000000d5800000)
  from space 512K, 100% used [0x00000000d5900000,0x00000000d5980000,0x00000000d5980000)
  to   space 3584K, 0% used [0x00000000d5b80000,0x00000000d5b80000,0x00000000d5f00000)
 ParOldGen       total 408064K, used 407721K [0x0000000080000000, 0x0000000098e80000, 0x00000000d5580000)
  object space 408064K, 99% used [0x0000000080000000,0x0000000098e2a688,0x0000000098e80000)
 Metaspace       used 67579K, committed 69056K, reserved 1114112K
  class space    used 7205K, committed 7808K, reserved 1048576K
GC Heap History (20 events):
Event: 123.563 GC heap before
{Heap before GC invocations=399 (full 3):
 PSYoungGen      total 2560K, used 2318K [0x00000000d5580000, 0x00000000d5b00000, 0x0000000100000000)
  eden space 1536K, 86% used [0x00000000d5580000,0x00000000d56cb690,0x00000000d5700000)
  from space 1024K, 96% used [0x00000000d5700000,0x00000000d57f8268,0x00000000d5800000)
  to   space 2048K, 0% used [0x00000000d5900000,0x00000000d5900000,0x00000000d5b00000)
 ParOldGen       total 400384K, used 399919K [0x0000000080000000, 0x0000000098700000, 0x00000000d5580000)
  object space 400384K, 99% used [0x0000000080000000,0x000000009868bf60,0x0000000098700000)
 Metaspace       used 67040K, committed 68480K, reserved 1114112K
  class space    used 7162K, committed 7744K, reserved 1048576K
}
Event: 123.570 GC heap after
{Heap after GC invocations=399 (full 3):
 PSYoungGen      total 3584K, used 1328K [0x00000000d5580000, 0x00000000d5a80000, 0x0000000100000000)
  eden space 2048K, 0% used [0x00000000d5580000,0x00000000d5580000,0x00000000d5780000)
  from space 1536K, 86% used [0x00000000d5900000,0x00000000d5a4c188,0x00000000d5a80000)
  to   space 1536K, 0% used [0x00000000d5780000,0x00000000d5780000,0x00000000d5900000)
 ParOldGen       total 400896K, used 400647K [0x0000000080000000, 0x0000000098780000, 0x00000000d5580000)
  object space 400896K, 99% used [0x0000000080000000,0x0000000098741da0,0x0000000098780000)
 Metaspace       used 67040K, committed 68480K, reserved 1114112K
  class space    used 7162K, committed 7744K, reserved 1048576K
}
Event: 123.684 GC heap before
{Heap before GC invocations=400 (full 3):
 PSYoungGen      total 3584K, used 3236K [0x00000000d5580000, 0x00000000d5a80000, 0x0000000100000000)
  eden space 2048K, 93% used [0x00000000d5580000,0x00000000d575ced8,0x00000000d5780000)
  from space 1536K, 86% used [0x00000000d5900000,0x00000000d5a4c188,0x00000000d5a80000)
  to   space 1536K, 0% used [0x00000000d5780000,0x00000000d5780000,0x00000000d5900000)
 ParOldGen       total 400896K, used 400647K [0x0000000080000000, 0x0000000098780000, 0x00000000d5580000)
  object space 400896K, 99% used [0x0000000080000000,0x0000000098741da0,0x0000000098780000)
 Metaspace       used 67052K, committed 68480K, reserved 1114112K
  class space    used 7164K, committed 7744K, reserved 1048576K
}
Event: 123.688 GC heap after
{Heap after GC invocations=400 (full 3):
 PSYoungGen      total 3584K, used 1105K [0x00000000d5580000, 0x00000000d5b00000, 0x0000000100000000)
  eden space 2048K, 0% used [0x00000000d5580000,0x00000000d5580000,0x00000000d5780000)
  from space 1536K, 71% used [0x00000000d5780000,0x00000000d5894438,0x00000000d5900000)
  to   space 1536K, 0% used [0x00000000d5980000,0x00000000d5980000,0x00000000d5b00000)
 ParOldGen       total 401408K, used 401063K [0x0000000080000000, 0x0000000098800000, 0x00000000d5580000)
  object space 401408K, 99% used [0x0000000080000000,0x00000000987a9da0,0x0000000098800000)
 Metaspace       used 67052K, committed 68480K, reserved 1114112K
  class space    used 7164K, committed 7744K, reserved 1048576K
}
Event: 123.814 GC heap before
{Heap before GC invocations=401 (full 3):
 PSYoungGen      total 3584K, used 3153K [0x00000000d5580000, 0x00000000d5b00000, 0x0000000100000000)
  eden space 2048K, 100% used [0x00000000d5580000,0x00000000d5780000,0x00000000d5780000)
  from space 1536K, 71% used [0x00000000d5780000,0x00000000d5894438,0x00000000d5900000)
  to   space 1536K, 0% used [0x00000000d5980000,0x00000000d5980000,0x00000000d5b00000)
 ParOldGen       total 401408K, used 401063K [0x0000000080000000, 0x0000000098800000, 0x00000000d5580000)
  object space 401408K, 99% used [0x0000000080000000,0x00000000987a9da0,0x0000000098800000)
 Metaspace       used 67182K, committed 68608K, reserved 1114112K
  class space    used 7175K, committed 7744K, reserved 1048576K
}
Event: 123.818 GC heap after
{Heap after GC invocations=401 (full 3):
 PSYoungGen      total 3584K, used 752K [0x00000000d5580000, 0x00000000d5a80000, 0x0000000100000000)
  eden space 2560K, 0% used [0x00000000d5580000,0x00000000d5580000,0x00000000d5800000)
  from space 1024K, 73% used [0x00000000d5980000,0x00000000d5a3c008,0x00000000d5a80000)
  to   space 1024K, 0% used [0x00000000d5880000,0x00000000d5880000,0x00000000d5980000)
 ParOldGen       total 401920K, used 401904K [0x0000000080000000, 0x0000000098880000, 0x00000000d5580000)
  object space 401920K, 99% used [0x0000000080000000,0x000000009887c1d0,0x0000000098880000)
 Metaspace       used 67182K, committed 68608K, reserved 1114112K
  class space    used 7175K, committed 7744K, reserved 1048576K
}
Event: 123.878 GC heap before
{Heap before GC invocations=402 (full 3):
 PSYoungGen      total 3584K, used 3312K [0x00000000d5580000, 0x00000000d5a80000, 0x0000000100000000)
  eden space 2560K, 100% used [0x00000000d5580000,0x00000000d5800000,0x00000000d5800000)
  from space 1024K, 73% used [0x00000000d5980000,0x00000000d5a3c008,0x00000000d5a80000)
  to   space 1024K, 0% used [0x00000000d5880000,0x00000000d5880000,0x00000000d5980000)
 ParOldGen       total 401920K, used 401904K [0x0000000080000000, 0x0000000098880000, 0x00000000d5580000)
  object space 401920K, 99% used [0x0000000080000000,0x000000009887c1d0,0x0000000098880000)
 Metaspace       used 67219K, committed 68672K, reserved 1114112K
  class space    used 7180K, committed 7808K, reserved 1048576K
}
Event: 123.885 GC heap after
{Heap after GC invocations=402 (full 3):
 PSYoungGen      total 3584K, used 832K [0x00000000d5580000, 0x00000000d5a00000, 0x0000000100000000)
  eden space 2560K, 0% used [0x00000000d5580000,0x00000000d5580000,0x00000000d5800000)
  from space 1024K, 81% used [0x00000000d5880000,0x00000000d5950000,0x00000000d5980000)
  to   space 512K, 0% used [0x00000000d5980000,0x00000000d5980000,0x00000000d5a00000)
 ParOldGen       total 402944K, used 402618K [0x0000000080000000, 0x0000000098980000, 0x00000000d5580000)
  object space 402944K, 99% used [0x0000000080000000,0x000000009892e988,0x0000000098980000)
 Metaspace       used 67219K, committed 68672K, reserved 1114112K
  class space    used 7180K, committed 7808K, reserved 1048576K
}
Event: 124.060 GC heap before
{Heap before GC invocations=403 (full 3):
 PSYoungGen      total 3584K, used 3392K [0x00000000d5580000, 0x00000000d5a00000, 0x0000000100000000)
  eden space 2560K, 100% used [0x00000000d5580000,0x00000000d5800000,0x00000000d5800000)
  from space 1024K, 81% used [0x00000000d5880000,0x00000000d5950000,0x00000000d5980000)
  to   space 512K, 0% used [0x00000000d5980000,0x00000000d5980000,0x00000000d5a00000)
 ParOldGen       total 402944K, used 402618K [0x0000000080000000, 0x0000000098980000, 0x00000000d5580000)
  object space 402944K, 99% used [0x0000000080000000,0x000000009892e988,0x0000000098980000)
 Metaspace       used 67305K, committed 68736K, reserved 1114112K
  class space    used 7185K, committed 7808K, reserved 1048576K
}
Event: 124.065 GC heap after
{Heap after GC invocations=403 (full 3):
 PSYoungGen      total 3072K, used 512K [0x00000000d5580000, 0x00000000d5b00000, 0x0000000100000000)
  eden space 2560K, 0% used [0x00000000d5580000,0x00000000d5580000,0x00000000d5800000)
  from space 512K, 100% used [0x00000000d5980000,0x00000000d5a00000,0x00000000d5a00000)
  to   space 1536K, 0% used [0x00000000d5800000,0x00000000d5800000,0x00000000d5980000)
 ParOldGen       total 403968K, used 403508K [0x0000000080000000, 0x0000000098a80000, 0x00000000d5580000)
  object space 403968K, 99% used [0x0000000080000000,0x0000000098a0d108,0x0000000098a80000)
 Metaspace       used 67305K, committed 68736K, reserved 1114112K
  class space    used 7185K, committed 7808K, reserved 1048576K
}
Event: 124.133 GC heap before
{Heap before GC invocations=404 (full 3):
 PSYoungGen      total 3072K, used 3072K [0x00000000d5580000, 0x00000000d5b00000, 0x0000000100000000)
  eden space 2560K, 100% used [0x00000000d5580000,0x00000000d5800000,0x00000000d5800000)
  from space 512K, 100% used [0x00000000d5980000,0x00000000d5a00000,0x00000000d5a00000)
  to   space 1536K, 0% used [0x00000000d5800000,0x00000000d5800000,0x00000000d5980000)
 ParOldGen       total 403968K, used 403508K [0x0000000080000000, 0x0000000098a80000, 0x00000000d5580000)
  object space 403968K, 99% used [0x0000000080000000,0x0000000098a0d108,0x0000000098a80000)
 Metaspace       used 67319K, committed 68800K, reserved 1114112K
  class space    used 7185K, committed 7808K, reserved 1048576K
}
Event: 124.140 GC heap after
{Heap after GC invocations=404 (full 3):
 PSYoungGen      total 4096K, used 814K [0x00000000d5580000, 0x00000000d5b00000, 0x0000000100000000)
  eden space 2560K, 0% used [0x00000000d5580000,0x00000000d5580000,0x00000000d5800000)
  from space 1536K, 52% used [0x00000000d5800000,0x00000000d58cb828,0x00000000d5980000)
  to   space 1536K, 0% used [0x00000000d5980000,0x00000000d5980000,0x00000000d5b00000)
 ParOldGen       total 404480K, used 404018K [0x0000000080000000, 0x0000000098b00000, 0x00000000d5580000)
  object space 404480K, 99% used [0x0000000080000000,0x0000000098a8c8e0,0x0000000098b00000)
 Metaspace       used 67319K, committed 68800K, reserved 1114112K
  class space    used 7185K, committed 7808K, reserved 1048576K
}
Event: 124.299 GC heap before
{Heap before GC invocations=405 (full 3):
 PSYoungGen      total 4096K, used 3374K [0x00000000d5580000, 0x00000000d5b00000, 0x0000000100000000)
  eden space 2560K, 100% used [0x00000000d5580000,0x00000000d5800000,0x00000000d5800000)
  from space 1536K, 52% used [0x00000000d5800000,0x00000000d58cb828,0x00000000d5980000)
  to   space 1536K, 0% used [0x00000000d5980000,0x00000000d5980000,0x00000000d5b00000)
 ParOldGen       total 404480K, used 404018K [0x0000000080000000, 0x0000000098b00000, 0x00000000d5580000)
  object space 404480K, 99% used [0x0000000080000000,0x0000000098a8c8e0,0x0000000098b00000)
 Metaspace       used 67366K, committed 68864K, reserved 1114112K
  class space    used 7185K, committed 7808K, reserved 1048576K
}
Event: 124.307 GC heap after
{Heap after GC invocations=405 (full 3):
 PSYoungGen      total 3584K, used 764K [0x00000000d5580000, 0x00000000d5a80000, 0x0000000100000000)
  eden space 2560K, 0% used [0x00000000d5580000,0x00000000d5580000,0x00000000d5800000)
  from space 1024K, 74% used [0x00000000d5980000,0x00000000d5a3f060,0x00000000d5a80000)
  to   space 1024K, 0% used [0x00000000d5880000,0x00000000d5880000,0x00000000d5980000)
 ParOldGen       total 404992K, used 404816K [0x0000000080000000, 0x0000000098b80000, 0x00000000d5580000)
  object space 404992K, 99% used [0x0000000080000000,0x0000000098b54118,0x0000000098b80000)
 Metaspace       used 67366K, committed 68864K, reserved 1114112K
  class space    used 7185K, committed 7808K, reserved 1048576K
}
Event: 124.411 GC heap before
{Heap before GC invocations=406 (full 3):
 PSYoungGen      total 3584K, used 3324K [0x00000000d5580000, 0x00000000d5a80000, 0x0000000100000000)
  eden space 2560K, 100% used [0x00000000d5580000,0x00000000d5800000,0x00000000d5800000)
  from space 1024K, 74% used [0x00000000d5980000,0x00000000d5a3f060,0x00000000d5a80000)
  to   space 1024K, 0% used [0x00000000d5880000,0x00000000d5880000,0x00000000d5980000)
 ParOldGen       total 404992K, used 404816K [0x0000000080000000, 0x0000000098b80000, 0x00000000d5580000)
  object space 404992K, 99% used [0x0000000080000000,0x0000000098b54118,0x0000000098b80000)
 Metaspace       used 67394K, committed 68864K, reserved 1114112K
  class space    used 7185K, committed 7808K, reserved 1048576K
}
Event: 124.415 GC heap after
{Heap after GC invocations=406 (full 3):
 PSYoungGen      total 3584K, used 160K [0x00000000d5580000, 0x00000000d5a00000, 0x0000000100000000)
  eden space 2560K, 0% used [0x00000000d5580000,0x00000000d5580000,0x00000000d5800000)
  from space 1024K, 15% used [0x00000000d5880000,0x00000000d58a8000,0x00000000d5980000)
  to   space 512K, 0% used [0x00000000d5980000,0x00000000d5980000,0x00000000d5a00000)
 ParOldGen       total 405504K, used 405273K [0x0000000080000000, 0x0000000098c00000, 0x00000000d5580000)
  object space 405504K, 99% used [0x0000000080000000,0x0000000098bc67c8,0x0000000098c00000)
 Metaspace       used 67394K, committed 68864K, reserved 1114112K
  class space    used 7185K, committed 7808K, reserved 1048576K
}
Event: 124.583 GC heap before
{Heap before GC invocations=407 (full 3):
 PSYoungGen      total 3584K, used 2719K [0x00000000d5580000, 0x00000000d5a00000, 0x0000000100000000)
  eden space 2560K, 99% used [0x00000000d5580000,0x00000000d57fffa8,0x00000000d5800000)
  from space 1024K, 15% used [0x00000000d5880000,0x00000000d58a8000,0x00000000d5980000)
  to   space 512K, 0% used [0x00000000d5980000,0x00000000d5980000,0x00000000d5a00000)
 ParOldGen       total 405504K, used 405273K [0x0000000080000000, 0x0000000098c00000, 0x00000000d5580000)
  object space 405504K, 99% used [0x0000000080000000,0x0000000098bc67c8,0x0000000098c00000)
 Metaspace       used 67526K, committed 68992K, reserved 1114112K
  class space    used 7200K, committed 7808K, reserved 1048576K
}
Event: 124.587 GC heap after
{Heap after GC invocations=407 (full 3):
 PSYoungGen      total 3072K, used 385K [0x00000000d5580000, 0x00000000d5a00000, 0x0000000100000000)
  eden space 2560K, 0% used [0x00000000d5580000,0x00000000d5580000,0x00000000d5800000)
  from space 512K, 75% used [0x00000000d5980000,0x00000000d59e0420,0x00000000d5a00000)
  to   space 512K, 0% used [0x00000000d5900000,0x00000000d5900000,0x00000000d5980000)
 ParOldGen       total 406016K, used 405549K [0x0000000080000000, 0x0000000098c80000, 0x00000000d5580000)
  object space 406016K, 99% used [0x0000000080000000,0x0000000098c0b5f8,0x0000000098c80000)
 Metaspace       used 67526K, committed 68992K, reserved 1114112K
  class space    used 7200K, committed 7808K, reserved 1048576K
}
Event: 124.616 GC heap before
{Heap before GC invocations=408 (full 3):
 PSYoungGen      total 3072K, used 2945K [0x00000000d5580000, 0x00000000d5a00000, 0x0000000100000000)
  eden space 2560K, 99% used [0x00000000d5580000,0x00000000d57fffe8,0x00000000d5800000)
  from space 512K, 75% used [0x00000000d5980000,0x00000000d59e0420,0x00000000d5a00000)
  to   space 512K, 0% used [0x00000000d5900000,0x00000000d5900000,0x00000000d5980000)
 ParOldGen       total 406016K, used 405549K [0x0000000080000000, 0x0000000098c80000, 0x00000000d5580000)
  object space 406016K, 99% used [0x0000000080000000,0x0000000098c0b5f8,0x0000000098c80000)
 Metaspace       used 67531K, committed 68992K, reserved 1114112K
  class space    used 7201K, committed 7808K, reserved 1048576K
}
Event: 124.626 GC heap after
{Heap after GC invocations=408 (full 3):
 PSYoungGen      total 3072K, used 512K [0x00000000d5580000, 0x00000000d5f00000, 0x0000000100000000)
  eden space 2560K, 0% used [0x00000000d5580000,0x00000000d5580000,0x00000000d5800000)
  from space 512K, 100% used [0x00000000d5900000,0x00000000d5980000,0x00000000d5980000)
  to   space 3584K, 0% used [0x00000000d5b80000,0x00000000d5b80000,0x00000000d5f00000)
 ParOldGen       total 408064K, used 407721K [0x0000000080000000, 0x0000000098e80000, 0x00000000d5580000)
  object space 408064K, 99% used [0x0000000080000000,0x0000000098e2a688,0x0000000098e80000)
 Metaspace       used 67531K, committed 68992K, reserved 1114112K
  class space    used 7201K, committed 7808K, reserved 1048576K
}

